09:45:39 INFO  : Registering command handlers for SDK TCF services
09:45:41 INFO  : Launching XSCT server: xsct.bat -interactive H:\workSpace\xilinx\D7C\prj5_MicroBlaze\prj5_MicroBlaze.sdk\temp_xsdb_launch_script.tcl
09:45:47 INFO  : XSCT server has started successfully.
09:45:57 INFO  : Successfully done setting XSCT server connection channel  
09:45:57 INFO  : Successfully done setting SDK workspace  
09:45:57 INFO  : Processing command line option -hwspec H:/workSpace/xilinx/D7C/prj5_MicroBlaze/prj5_MicroBlaze.sdk/design_1_wrapper.hdf.
10:01:33 INFO  : Connected to target on host '127.0.0.1' and port '3121'.
10:01:34 INFO  : 'targets -set -filter {jtag_cable_name =~ "xilinx tul 1234-tulA" && level==0} -index 0' command is executed.
10:01:35 INFO  : FPGA configured successfully with bitstream "H:/workSpace/xilinx/D7C/prj5_MicroBlaze/prj5_MicroBlaze.sdk/design_1_wrapper_hw_platform_0/download.bit"
10:02:49 INFO  : 'targets -set -filter {jtag_cable_name =~ "xilinx tul 1234-tulA" && level==0} -index 0' command is executed.
10:02:49 INFO  : 'fpga -state' command is executed.
10:02:49 INFO  : Connected to target on host '127.0.0.1' and port '3121'.
10:02:50 INFO  : Jtag cable 'xilinx tul 1234-tulA' is selected.
10:02:50 INFO  : 'jtag frequency' command is executed.
10:02:50 INFO  : 'configparams mdm-detect-bscan-mask 2' command is executed.
10:02:50 INFO  : Context for processor 'microblaze_0' is selected.
10:02:50 INFO  : Processor reset is completed for 'microblaze_0'.
10:02:50 INFO  : Context for processor 'microblaze_0' is selected.
10:02:50 INFO  : The application 'H:/workSpace/xilinx/D7C/prj5_MicroBlaze/prj5_MicroBlaze.sdk/app4prj5/Debug/app4prj5.elf' is downloaded to processor 'microblaze_0'.
10:02:50 INFO  : ----------------XSDB Script----------------
connect -url tcp:127.0.0.1:3121
configparams mdm-detect-bscan-mask 2
targets -set -nocase -filter {name =~ "microblaze*#0" && bscan=="USER2"  && jtag_cable_name =~ "xilinx tul 1234-tulA"} -index 0
rst -processor
targets -set -nocase -filter {name =~ "microblaze*#0" && bscan=="USER2"  && jtag_cable_name =~ "xilinx tul 1234-tulA"} -index 0
dow H:/workSpace/xilinx/D7C/prj5_MicroBlaze/prj5_MicroBlaze.sdk/app4prj5/Debug/app4prj5.elf
----------------End of Script----------------

10:02:50 INFO  : Context for processor 'microblaze_0' is selected.
10:02:50 INFO  : 'con' command is executed.
10:02:50 INFO  : ----------------XSDB Script (After Launch)----------------
targets -set -nocase -filter {name =~ "microblaze*#0" && bscan=="USER2"  && jtag_cable_name =~ "xilinx tul 1234-tulA"} -index 0
con
----------------End of Script----------------

10:02:50 INFO  : Disconnected from the channel tcfchan#1.
10:08:06 INFO  : 'targets -set -filter {jtag_cable_name =~ "xilinx tul 1234-tulA" && level==0} -index 0' command is executed.
10:08:06 INFO  : 'fpga -state' command is executed.
10:08:06 INFO  : Connected to target on host '127.0.0.1' and port '3121'.
10:08:06 INFO  : Jtag cable 'xilinx tul 1234-tulA' is selected.
10:08:06 INFO  : 'jtag frequency' command is executed.
10:08:06 INFO  : 'configparams mdm-detect-bscan-mask 2' command is executed.
10:08:06 INFO  : Context for processor 'microblaze_0' is selected.
10:08:06 INFO  : Processor reset is completed for 'microblaze_0'.
10:08:06 INFO  : Context for processor 'microblaze_0' is selected.
10:08:06 INFO  : The application 'H:/workSpace/xilinx/D7C/prj5_MicroBlaze/prj5_MicroBlaze.sdk/app4prj5/Debug/app4prj5.elf' is downloaded to processor 'microblaze_0'.
10:08:06 INFO  : ----------------XSDB Script----------------
connect -url tcp:127.0.0.1:3121
configparams mdm-detect-bscan-mask 2
targets -set -nocase -filter {name =~ "microblaze*#0" && bscan=="USER2"  && jtag_cable_name =~ "xilinx tul 1234-tulA"} -index 0
rst -processor
targets -set -nocase -filter {name =~ "microblaze*#0" && bscan=="USER2"  && jtag_cable_name =~ "xilinx tul 1234-tulA"} -index 0
dow H:/workSpace/xilinx/D7C/prj5_MicroBlaze/prj5_MicroBlaze.sdk/app4prj5/Debug/app4prj5.elf
----------------End of Script----------------

10:08:07 INFO  : Context for processor 'microblaze_0' is selected.
10:08:07 INFO  : 'con' command is executed.
10:08:07 INFO  : ----------------XSDB Script (After Launch)----------------
targets -set -nocase -filter {name =~ "microblaze*#0" && bscan=="USER2"  && jtag_cable_name =~ "xilinx tul 1234-tulA"} -index 0
con
----------------End of Script----------------

10:08:07 INFO  : Disconnected from the channel tcfchan#2.
10:12:22 INFO  : 'targets -set -filter {jtag_cable_name =~ "xilinx tul 1234-tulA" && level==0} -index 0' command is executed.
10:12:22 INFO  : 'fpga -state' command is executed.
10:12:22 INFO  : Connected to target on host '127.0.0.1' and port '3121'.
10:12:22 INFO  : Jtag cable 'xilinx tul 1234-tulA' is selected.
10:12:22 INFO  : 'jtag frequency' command is executed.
10:12:22 INFO  : 'configparams mdm-detect-bscan-mask 2' command is executed.
10:12:22 INFO  : Context for processor 'microblaze_0' is selected.
10:12:22 INFO  : Processor reset is completed for 'microblaze_0'.
10:12:22 INFO  : Context for processor 'microblaze_0' is selected.
10:12:22 INFO  : The application 'H:/workSpace/xilinx/D7C/prj5_MicroBlaze/prj5_MicroBlaze.sdk/app4prj5/Debug/app4prj5.elf' is downloaded to processor 'microblaze_0'.
10:12:22 INFO  : ----------------XSDB Script----------------
connect -url tcp:127.0.0.1:3121
configparams mdm-detect-bscan-mask 2
targets -set -nocase -filter {name =~ "microblaze*#0" && bscan=="USER2"  && jtag_cable_name =~ "xilinx tul 1234-tulA"} -index 0
rst -processor
targets -set -nocase -filter {name =~ "microblaze*#0" && bscan=="USER2"  && jtag_cable_name =~ "xilinx tul 1234-tulA"} -index 0
dow H:/workSpace/xilinx/D7C/prj5_MicroBlaze/prj5_MicroBlaze.sdk/app4prj5/Debug/app4prj5.elf
----------------End of Script----------------

10:12:22 INFO  : Context for processor 'microblaze_0' is selected.
10:12:22 INFO  : 'con' command is executed.
10:12:22 INFO  : ----------------XSDB Script (After Launch)----------------
targets -set -nocase -filter {name =~ "microblaze*#0" && bscan=="USER2"  && jtag_cable_name =~ "xilinx tul 1234-tulA"} -index 0
con
----------------End of Script----------------

10:12:22 INFO  : Disconnected from the channel tcfchan#3.
10:25:21 INFO  : 'targets -set -filter {jtag_cable_name =~ "xilinx tul 1234-tulA" && level==0} -index 0' command is executed.
10:25:21 INFO  : 'fpga -state' command is executed.
10:25:21 INFO  : Connected to target on host '127.0.0.1' and port '3121'.
10:25:22 INFO  : Jtag cable 'xilinx tul 1234-tulA' is selected.
10:25:22 INFO  : 'jtag frequency' command is executed.
10:25:22 INFO  : 'configparams mdm-detect-bscan-mask 2' command is executed.
10:25:22 INFO  : Context for processor 'microblaze_0' is selected.
10:25:22 INFO  : Processor reset is completed for 'microblaze_0'.
10:25:22 INFO  : Context for processor 'microblaze_0' is selected.
10:25:22 INFO  : The application 'H:/workSpace/xilinx/D7C/prj5_MicroBlaze/prj5_MicroBlaze.sdk/app4prj5/Debug/app4prj5.elf' is downloaded to processor 'microblaze_0'.
10:25:22 INFO  : ----------------XSDB Script----------------
connect -url tcp:127.0.0.1:3121
configparams mdm-detect-bscan-mask 2
targets -set -nocase -filter {name =~ "microblaze*#0" && bscan=="USER2"  && jtag_cable_name =~ "xilinx tul 1234-tulA"} -index 0
rst -processor
targets -set -nocase -filter {name =~ "microblaze*#0" && bscan=="USER2"  && jtag_cable_name =~ "xilinx tul 1234-tulA"} -index 0
dow H:/workSpace/xilinx/D7C/prj5_MicroBlaze/prj5_MicroBlaze.sdk/app4prj5/Debug/app4prj5.elf
----------------End of Script----------------

10:25:22 INFO  : Context for processor 'microblaze_0' is selected.
10:25:22 INFO  : 'con' command is executed.
10:25:22 INFO  : ----------------XSDB Script (After Launch)----------------
targets -set -nocase -filter {name =~ "microblaze*#0" && bscan=="USER2"  && jtag_cable_name =~ "xilinx tul 1234-tulA"} -index 0
con
----------------End of Script----------------

10:25:22 INFO  : Disconnected from the channel tcfchan#4.
10:27:57 INFO  : 'targets -set -filter {jtag_cable_name =~ "xilinx tul 1234-tulA" && level==0} -index 0' command is executed.
10:27:57 INFO  : 'fpga -state' command is executed.
10:27:57 INFO  : Connected to target on host '127.0.0.1' and port '3121'.
10:27:58 INFO  : Jtag cable 'xilinx tul 1234-tulA' is selected.
10:27:58 INFO  : 'jtag frequency' command is executed.
10:27:58 INFO  : 'configparams mdm-detect-bscan-mask 2' command is executed.
10:27:58 INFO  : Context for processor 'microblaze_0' is selected.
10:27:58 INFO  : Processor reset is completed for 'microblaze_0'.
10:27:58 INFO  : Context for processor 'microblaze_0' is selected.
10:27:58 INFO  : The application 'H:/workSpace/xilinx/D7C/prj5_MicroBlaze/prj5_MicroBlaze.sdk/app4prj5/Debug/app4prj5.elf' is downloaded to processor 'microblaze_0'.
10:27:58 INFO  : ----------------XSDB Script----------------
connect -url tcp:127.0.0.1:3121
configparams mdm-detect-bscan-mask 2
targets -set -nocase -filter {name =~ "microblaze*#0" && bscan=="USER2"  && jtag_cable_name =~ "xilinx tul 1234-tulA"} -index 0
rst -processor
targets -set -nocase -filter {name =~ "microblaze*#0" && bscan=="USER2"  && jtag_cable_name =~ "xilinx tul 1234-tulA"} -index 0
dow H:/workSpace/xilinx/D7C/prj5_MicroBlaze/prj5_MicroBlaze.sdk/app4prj5/Debug/app4prj5.elf
----------------End of Script----------------

10:28:16 INFO  : Disconnected from the channel tcfchan#5.
10:29:48 INFO  : 'targets -set -filter {jtag_cable_name =~ "xilinx tul 1234-tulA" && level==0} -index 0' command is executed.
10:29:48 INFO  : 'fpga -state' command is executed.
10:29:48 INFO  : Connected to target on host '127.0.0.1' and port '3121'.
10:29:48 INFO  : Jtag cable 'xilinx tul 1234-tulA' is selected.
10:29:48 INFO  : 'jtag frequency' command is executed.
10:29:48 INFO  : 'configparams mdm-detect-bscan-mask 2' command is executed.
10:29:48 INFO  : Context for processor 'microblaze_0' is selected.
10:29:48 INFO  : Processor reset is completed for 'microblaze_0'.
10:29:48 INFO  : Context for processor 'microblaze_0' is selected.
10:29:48 INFO  : The application 'H:/workSpace/xilinx/D7C/prj5_MicroBlaze/prj5_MicroBlaze.sdk/app4prj5/Debug/app4prj5.elf' is downloaded to processor 'microblaze_0'.
10:29:48 INFO  : ----------------XSDB Script----------------
connect -url tcp:127.0.0.1:3121
configparams mdm-detect-bscan-mask 2
targets -set -nocase -filter {name =~ "microblaze*#0" && bscan=="USER2"  && jtag_cable_name =~ "xilinx tul 1234-tulA"} -index 0
rst -processor
targets -set -nocase -filter {name =~ "microblaze*#0" && bscan=="USER2"  && jtag_cable_name =~ "xilinx tul 1234-tulA"} -index 0
dow H:/workSpace/xilinx/D7C/prj5_MicroBlaze/prj5_MicroBlaze.sdk/app4prj5/Debug/app4prj5.elf
----------------End of Script----------------

10:29:48 INFO  : Context for processor 'microblaze_0' is selected.
10:29:48 INFO  : 'con' command is executed.
10:29:48 INFO  : ----------------XSDB Script (After Launch)----------------
targets -set -nocase -filter {name =~ "microblaze*#0" && bscan=="USER2"  && jtag_cable_name =~ "xilinx tul 1234-tulA"} -index 0
con
----------------End of Script----------------

10:29:48 INFO  : Disconnected from the channel tcfchan#6.
10:30:38 INFO  : 'targets -set -filter {jtag_cable_name =~ "xilinx tul 1234-tulA" && level==0} -index 0' command is executed.
10:30:38 INFO  : 'fpga -state' command is executed.
10:30:38 INFO  : Connected to target on host '127.0.0.1' and port '3121'.
10:30:39 INFO  : Jtag cable 'xilinx tul 1234-tulA' is selected.
10:30:39 INFO  : 'jtag frequency' command is executed.
10:30:39 INFO  : 'configparams mdm-detect-bscan-mask 2' command is executed.
10:30:39 INFO  : Context for processor 'microblaze_0' is selected.
10:30:39 INFO  : Processor reset is completed for 'microblaze_0'.
10:30:39 INFO  : Context for processor 'microblaze_0' is selected.
10:30:39 INFO  : The application 'H:/workSpace/xilinx/D7C/prj5_MicroBlaze/prj5_MicroBlaze.sdk/app4prj5/Debug/app4prj5.elf' is downloaded to processor 'microblaze_0'.
10:30:39 INFO  : ----------------XSDB Script----------------
connect -url tcp:127.0.0.1:3121
configparams mdm-detect-bscan-mask 2
targets -set -nocase -filter {name =~ "microblaze*#0" && bscan=="USER2"  && jtag_cable_name =~ "xilinx tul 1234-tulA"} -index 0
rst -processor
targets -set -nocase -filter {name =~ "microblaze*#0" && bscan=="USER2"  && jtag_cable_name =~ "xilinx tul 1234-tulA"} -index 0
dow H:/workSpace/xilinx/D7C/prj5_MicroBlaze/prj5_MicroBlaze.sdk/app4prj5/Debug/app4prj5.elf
----------------End of Script----------------

10:30:39 INFO  : Context for processor 'microblaze_0' is selected.
10:30:39 INFO  : 'con' command is executed.
10:30:39 INFO  : ----------------XSDB Script (After Launch)----------------
targets -set -nocase -filter {name =~ "microblaze*#0" && bscan=="USER2"  && jtag_cable_name =~ "xilinx tul 1234-tulA"} -index 0
con
----------------End of Script----------------

10:30:39 INFO  : Disconnected from the channel tcfchan#7.
10:36:28 INFO  : 'targets -set -filter {jtag_cable_name =~ "xilinx tul 1234-tulA" && level==0} -index 0' command is executed.
10:36:28 INFO  : 'fpga -state' command is executed.
10:36:28 INFO  : Connected to target on host '127.0.0.1' and port '3121'.
10:36:28 INFO  : Jtag cable 'xilinx tul 1234-tulA' is selected.
10:36:28 INFO  : 'jtag frequency' command is executed.
10:36:28 INFO  : 'configparams mdm-detect-bscan-mask 2' command is executed.
10:36:28 INFO  : Context for processor 'microblaze_0' is selected.
10:36:28 INFO  : Processor reset is completed for 'microblaze_0'.
10:36:28 INFO  : Context for processor 'microblaze_0' is selected.
10:36:28 INFO  : The application 'H:/workSpace/xilinx/D7C/prj5_MicroBlaze/prj5_MicroBlaze.sdk/app4prj5/Debug/app4prj5.elf' is downloaded to processor 'microblaze_0'.
10:36:28 INFO  : ----------------XSDB Script----------------
connect -url tcp:127.0.0.1:3121
configparams mdm-detect-bscan-mask 2
targets -set -nocase -filter {name =~ "microblaze*#0" && bscan=="USER2"  && jtag_cable_name =~ "xilinx tul 1234-tulA"} -index 0
rst -processor
targets -set -nocase -filter {name =~ "microblaze*#0" && bscan=="USER2"  && jtag_cable_name =~ "xilinx tul 1234-tulA"} -index 0
dow H:/workSpace/xilinx/D7C/prj5_MicroBlaze/prj5_MicroBlaze.sdk/app4prj5/Debug/app4prj5.elf
----------------End of Script----------------

10:36:29 INFO  : Context for processor 'microblaze_0' is selected.
10:36:29 INFO  : 'con' command is executed.
10:36:29 INFO  : ----------------XSDB Script (After Launch)----------------
targets -set -nocase -filter {name =~ "microblaze*#0" && bscan=="USER2"  && jtag_cable_name =~ "xilinx tul 1234-tulA"} -index 0
con
----------------End of Script----------------

10:36:29 INFO  : Disconnected from the channel tcfchan#8.
10:37:51 INFO  : 'targets -set -filter {jtag_cable_name =~ "xilinx tul 1234-tulA" && level==0} -index 0' command is executed.
10:37:51 INFO  : 'fpga -state' command is executed.
10:37:51 INFO  : Connected to target on host '127.0.0.1' and port '3121'.
10:37:51 INFO  : Jtag cable 'xilinx tul 1234-tulA' is selected.
10:37:51 INFO  : 'jtag frequency' command is executed.
10:37:51 INFO  : 'configparams mdm-detect-bscan-mask 2' command is executed.
10:37:51 INFO  : Context for processor 'microblaze_0' is selected.
10:37:51 INFO  : Processor reset is completed for 'microblaze_0'.
10:37:51 INFO  : Context for processor 'microblaze_0' is selected.
10:37:51 INFO  : The application 'H:/workSpace/xilinx/D7C/prj5_MicroBlaze/prj5_MicroBlaze.sdk/app4prj5/Debug/app4prj5.elf' is downloaded to processor 'microblaze_0'.
10:37:51 INFO  : ----------------XSDB Script----------------
connect -url tcp:127.0.0.1:3121
configparams mdm-detect-bscan-mask 2
targets -set -nocase -filter {name =~ "microblaze*#0" && bscan=="USER2"  && jtag_cable_name =~ "xilinx tul 1234-tulA"} -index 0
rst -processor
targets -set -nocase -filter {name =~ "microblaze*#0" && bscan=="USER2"  && jtag_cable_name =~ "xilinx tul 1234-tulA"} -index 0
dow H:/workSpace/xilinx/D7C/prj5_MicroBlaze/prj5_MicroBlaze.sdk/app4prj5/Debug/app4prj5.elf
----------------End of Script----------------

10:37:51 INFO  : Context for processor 'microblaze_0' is selected.
10:37:51 INFO  : 'con' command is executed.
10:37:51 INFO  : ----------------XSDB Script (After Launch)----------------
targets -set -nocase -filter {name =~ "microblaze*#0" && bscan=="USER2"  && jtag_cable_name =~ "xilinx tul 1234-tulA"} -index 0
con
----------------End of Script----------------

10:37:51 INFO  : Disconnected from the channel tcfchan#9.
10:41:57 INFO  : Registering command handlers for SDK TCF services
10:41:59 INFO  : Launching XSCT server: xsct.bat -interactive H:\workSpace\xilinx\D7C\prj5_MicroBlaze\prj5_MicroBlaze.sdk\temp_xsdb_launch_script.tcl
10:42:05 INFO  : XSCT server has started successfully.
10:42:09 INFO  : Successfully done setting XSCT server connection channel  
10:42:09 INFO  : Successfully done setting SDK workspace  
10:42:09 INFO  : Processing command line option -hwspec H:/workSpace/xilinx/D7C/prj5_MicroBlaze/prj5_MicroBlaze.sdk/design_1_wrapper.hdf.
10:42:09 INFO  : Checking for hwspec changes in the project design_1_wrapper_hw_platform_0.
10:42:59 INFO  : Connected to target on host '127.0.0.1' and port '3121'.
10:43:00 INFO  : 'targets -set -filter {jtag_cable_name =~ "xilinx tul 1234-tulA" && level==0} -index 0' command is executed.
10:43:02 INFO  : FPGA configured successfully with bitstream "H:/workSpace/xilinx/D7C/prj5_MicroBlaze/prj5_MicroBlaze.sdk/design_1_wrapper_hw_platform_0/download.bit"
10:43:22 INFO  : 'targets -set -filter {jtag_cable_name =~ "xilinx tul 1234-tulA" && level==0} -index 0' command is executed.
10:43:22 INFO  : 'fpga -state' command is executed.
10:43:22 INFO  : Connected to target on host '127.0.0.1' and port '3121'.
10:43:22 INFO  : Jtag cable 'xilinx tul 1234-tulA' is selected.
10:43:22 INFO  : 'jtag frequency' command is executed.
10:43:22 INFO  : 'configparams mdm-detect-bscan-mask 2' command is executed.
10:43:22 INFO  : Context for processor 'microblaze_0' is selected.
10:43:22 INFO  : Processor reset is completed for 'microblaze_0'.
10:43:22 INFO  : Context for processor 'microblaze_0' is selected.
10:43:22 INFO  : The application 'H:/workSpace/xilinx/D7C/prj5_MicroBlaze/prj5_MicroBlaze.sdk/app4prj5/Debug/app4prj5.elf' is downloaded to processor 'microblaze_0'.
10:43:22 INFO  : ----------------XSDB Script----------------
connect -url tcp:127.0.0.1:3121
configparams mdm-detect-bscan-mask 2
targets -set -nocase -filter {name =~ "microblaze*#0" && bscan=="USER2"  && jtag_cable_name =~ "xilinx tul 1234-tulA"} -index 0
rst -processor
targets -set -nocase -filter {name =~ "microblaze*#0" && bscan=="USER2"  && jtag_cable_name =~ "xilinx tul 1234-tulA"} -index 0
dow H:/workSpace/xilinx/D7C/prj5_MicroBlaze/prj5_MicroBlaze.sdk/app4prj5/Debug/app4prj5.elf
----------------End of Script----------------

10:43:22 INFO  : Context for processor 'microblaze_0' is selected.
10:43:23 INFO  : 'con' command is executed.
10:43:23 INFO  : ----------------XSDB Script (After Launch)----------------
targets -set -nocase -filter {name =~ "microblaze*#0" && bscan=="USER2"  && jtag_cable_name =~ "xilinx tul 1234-tulA"} -index 0
con
----------------End of Script----------------

10:43:23 INFO  : Disconnected from the channel tcfchan#1.
10:43:52 INFO  : 'targets -set -filter {jtag_cable_name =~ "xilinx tul 1234-tulA" && level==0} -index 0' command is executed.
10:43:52 INFO  : 'fpga -state' command is executed.
10:43:52 INFO  : Connected to target on host '127.0.0.1' and port '3121'.
10:43:52 INFO  : Jtag cable 'xilinx tul 1234-tulA' is selected.
10:43:52 INFO  : 'jtag frequency' command is executed.
10:43:52 INFO  : 'configparams mdm-detect-bscan-mask 2' command is executed.
10:43:52 INFO  : Context for processor 'microblaze_0' is selected.
10:43:52 INFO  : Processor reset is completed for 'microblaze_0'.
10:43:52 INFO  : Context for processor 'microblaze_0' is selected.
10:43:52 INFO  : The application 'H:/workSpace/xilinx/D7C/prj5_MicroBlaze/prj5_MicroBlaze.sdk/app4prj5/Debug/app4prj5.elf' is downloaded to processor 'microblaze_0'.
10:43:52 INFO  : ----------------XSDB Script----------------
connect -url tcp:127.0.0.1:3121
configparams mdm-detect-bscan-mask 2
targets -set -nocase -filter {name =~ "microblaze*#0" && bscan=="USER2"  && jtag_cable_name =~ "xilinx tul 1234-tulA"} -index 0
rst -processor
targets -set -nocase -filter {name =~ "microblaze*#0" && bscan=="USER2"  && jtag_cable_name =~ "xilinx tul 1234-tulA"} -index 0
dow H:/workSpace/xilinx/D7C/prj5_MicroBlaze/prj5_MicroBlaze.sdk/app4prj5/Debug/app4prj5.elf
----------------End of Script----------------

10:43:52 INFO  : Context for processor 'microblaze_0' is selected.
10:43:52 INFO  : 'con' command is executed.
10:43:52 INFO  : ----------------XSDB Script (After Launch)----------------
targets -set -nocase -filter {name =~ "microblaze*#0" && bscan=="USER2"  && jtag_cable_name =~ "xilinx tul 1234-tulA"} -index 0
con
----------------End of Script----------------

10:43:52 INFO  : Disconnected from the channel tcfchan#2.
